 INFO 2022-11-19 22:56:40,823 vista.Login (Login.java:sincronizarLog:285) - INFO - Se ha sincronizado el log con el sistema satisfactoriamente.
 INFO 2022-11-19 22:56:41,498 vista.Login (Login.java:<init>:43) - INFO - Se inicia aplicación satisfactoriamente
 INFO 2022-11-19 22:56:49,957 controlador.UsuarioControlador (UsuarioControlador.java:logueo:187) - INFO - El usuario Administrador: Alejo97 se ha logueado satisfactoriamente.
 INFO 2022-11-19 22:59:00,362 vista.Login (Login.java:sincronizarLog:285) - INFO - Se ha sincronizado el log con el sistema satisfactoriamente.
 INFO 2022-11-19 22:59:00,363 vista.Login (Login.java:<init>:43) - INFO - Se inicia aplicación satisfactoriamente
 INFO 2022-11-19 22:59:00,386 vista.MenuAdministrador (MenuAdministrador.java:btn_cerrarSesionActionPerformed:407) - INFO - El usuario ha cerrado sesión satisfactoriamente
 INFO 2022-11-19 23:50:35,749 vista.Login (Login.java:sincronizarLog:285) - INFO - Se ha sincronizado el log con el sistema satisfactoriamente.
 INFO 2022-11-19 23:50:36,419 vista.Login (Login.java:<init>:43) - INFO - Se inicia aplicación satisfactoriamente
 INFO 2022-11-19 23:50:46,345 controlador.UsuarioControlador (UsuarioControlador.java:logueo:187) - INFO - El usuario Administrador: Alejo97 se ha logueado satisfactoriamente.
DEBUG 2022-11-19 23:51:52,386 net.sf.jasperreports.engine.fill.BaseReportFiller (BaseReportFiller.java:<init>:146) - Fill 1: created for report name
DEBUG 2022-11-19 23:51:52,549 net.sf.jasperreports.engine.fill.BaseReportFiller (BaseReportFiller.java:<init>:185) - created delayed actions 1 for filler 1
DEBUG 2022-11-19 23:51:52,556 net.sf.jasperreports.extensions.ExtensionsEnvironment (ExtensionsEnvironment.java:createDefaultRegistry:78) - Instantiating extensions registry class net.sf.jasperreports.extensions.DefaultExtensionsRegistry
DEBUG 2022-11-19 23:51:52,558 net.sf.jasperreports.extensions.DefaultExtensionsRegistry (DefaultExtensionsRegistry.java:getRegistries:130) - Loading registries for cache key sun.misc.Launcher$AppClassLoader@7f31245a
DEBUG 2022-11-19 23:51:52,559 net.sf.jasperreports.engine.util.JRLoader (JRLoader.java:collectResources:724) - Found resource jasperreports_extension.properties at jar:file:/E:/MIS%20PROYECTOS/Java/proyectos%20netbeans%20Java/ProyectoParking/librerias/libReports/jasperreports-6.0.0.jar!/jasperreports_extension.properties in classloader sun.misc.Launcher$AppClassLoader@7f31245a
DEBUG 2022-11-19 23:51:52,569 net.sf.jasperreports.extensions.DefaultExtensionsRegistry (DefaultExtensionsRegistry.java:loadRegistries:158) - Loading JasperReports extension properties resource jar:file:/E:/MIS%20PROYECTOS/Java/proyectos%20netbeans%20Java/ProyectoParking/librerias/libReports/jasperreports-6.0.0.jar!/jasperreports_extension.properties
DEBUG 2022-11-19 23:51:52,571 net.sf.jasperreports.extensions.DefaultExtensionsRegistry (DefaultExtensionsRegistry.java:loadRegistries:208) - Instantiating registry of type net.sf.jasperreports.components.headertoolbar.HeaderToolbarParameterContributorExtensionFactory for property net.sf.jasperreports.extension.registry.factory.header.toolbar.parameter.contributor
DEBUG 2022-11-19 23:51:52,571 net.sf.jasperreports.extensions.DefaultExtensionsRegistry (DefaultExtensionsRegistry.java:instantiateRegistry:233) - Instantiating extensions registry for header.toolbar.parameter.contributor using factory class net.sf.jasperreports.components.headertoolbar.HeaderToolbarParameterContributorExtensionFactory
DEBUG 2022-11-19 23:51:52,577 net.sf.jasperreports.extensions.DefaultExtensionsRegistry (DefaultExtensionsRegistry.java:loadRegistries:208) - Instantiating registry of type net.sf.jasperreports.types.date.DateRangeQueryClauseExtensions for property net.sf.jasperreports.extension.registry.factory.date.range.clause.functions
DEBUG 2022-11-19 23:51:52,577 net.sf.jasperreports.extensions.DefaultExtensionsRegistry (DefaultExtensionsRegistry.java:instantiateRegistry:233) - Instantiating extensions registry for date.range.clause.functions using factory class net.sf.jasperreports.types.date.DateRangeQueryClauseExtensions
DEBUG 2022-11-19 23:51:52,588 net.sf.jasperreports.extensions.DefaultExtensionsRegistry (DefaultExtensionsRegistry.java:loadRegistries:208) - Instantiating registry of type net.sf.jasperreports.repo.DefaultRepositoryExtensionsRegistryFactory for property net.sf.jasperreports.extension.registry.factory.repository
DEBUG 2022-11-19 23:51:52,588 net.sf.jasperreports.extensions.DefaultExtensionsRegistry (DefaultExtensionsRegistry.java:instantiateRegistry:233) - Instantiating extensions registry for repository using factory class net.sf.jasperreports.repo.DefaultRepositoryExtensionsRegistryFactory
DEBUG 2022-11-19 23:51:52,590 net.sf.jasperreports.extensions.DefaultExtensionsRegistry (DefaultExtensionsRegistry.java:loadRegistries:208) - Instantiating registry of type net.sf.jasperreports.parts.PartComponentsExtensionsRegistryFactory for property net.sf.jasperreports.extension.registry.factory.parts
DEBUG 2022-11-19 23:51:52,591 net.sf.jasperreports.extensions.DefaultExtensionsRegistry (DefaultExtensionsRegistry.java:instantiateRegistry:233) - Instantiating extensions registry for parts using factory class net.sf.jasperreports.parts.PartComponentsExtensionsRegistryFactory
DEBUG 2022-11-19 23:51:52,599 net.sf.jasperreports.extensions.DefaultExtensionsRegistry (DefaultExtensionsRegistry.java:loadRegistries:208) - Instantiating registry of type net.sf.jasperreports.web.util.ContentTypeMappingExtensionsRegistryFactory for property net.sf.jasperreports.extension.registry.factory.content.type.mapping
DEBUG 2022-11-19 23:51:52,599 net.sf.jasperreports.extensions.DefaultExtensionsRegistry (DefaultExtensionsRegistry.java:instantiateRegistry:233) - Instantiating extensions registry for content.type.mapping using factory class net.sf.jasperreports.web.util.ContentTypeMappingExtensionsRegistryFactory
DEBUG 2022-11-19 23:51:52,601 net.sf.jasperreports.extensions.DefaultExtensionsRegistry (DefaultExtensionsRegistry.java:loadRegistries:208) - Instantiating registry of type net.sf.jasperreports.engine.fonts.SimpleFontExtensionsRegistryFactory for property net.sf.jasperreports.extension.registry.factory.simple.font.families
DEBUG 2022-11-19 23:51:52,602 net.sf.jasperreports.extensions.DefaultExtensionsRegistry (DefaultExtensionsRegistry.java:instantiateRegistry:233) - Instantiating extensions registry for simple.font.families using factory class net.sf.jasperreports.engine.fonts.SimpleFontExtensionsRegistryFactory
DEBUG 2022-11-19 23:51:52,603 net.sf.jasperreports.extensions.DefaultExtensionsRegistry (DefaultExtensionsRegistry.java:loadRegistries:208) - Instantiating registry of type net.sf.jasperreports.data.DefaultDataAdapterServiceExtensionsRegistryFactory for property net.sf.jasperreports.extension.registry.factory.data.adapter.services
DEBUG 2022-11-19 23:51:52,603 net.sf.jasperreports.extensions.DefaultExtensionsRegistry (DefaultExtensionsRegistry.java:instantiateRegistry:233) - Instantiating extensions registry for data.adapter.services using factory class net.sf.jasperreports.data.DefaultDataAdapterServiceExtensionsRegistryFactory
DEBUG 2022-11-19 23:51:52,605 net.sf.jasperreports.extensions.DefaultExtensionsRegistry (DefaultExtensionsRegistry.java:loadRegistries:208) - Instantiating registry of type net.sf.jasperreports.web.util.WebResourceHandlersExtensionRegistryFactory for property net.sf.jasperreports.extension.registry.factory.jive.web.resource.handlers
DEBUG 2022-11-19 23:51:52,606 net.sf.jasperreports.extensions.DefaultExtensionsRegistry (DefaultExtensionsRegistry.java:instantiateRegistry:233) - Instantiating extensions registry for jive.web.resource.handlers using factory class net.sf.jasperreports.web.util.WebResourceHandlersExtensionRegistryFactory
DEBUG 2022-11-19 23:51:52,607 net.sf.jasperreports.extensions.DefaultExtensionsRegistry (DefaultExtensionsRegistry.java:loadRegistries:208) - Instantiating registry of type net.sf.jasperreports.util.CastorMappingExtensionsRegistryFactory for property net.sf.jasperreports.extension.registry.factory.castor.mapping
DEBUG 2022-11-19 23:51:52,608 net.sf.jasperreports.extensions.DefaultExtensionsRegistry (DefaultExtensionsRegistry.java:instantiateRegistry:233) - Instantiating extensions registry for castor.mapping using factory class net.sf.jasperreports.util.CastorMappingExtensionsRegistryFactory
DEBUG 2022-11-19 23:51:52,610 net.sf.jasperreports.extensions.DefaultExtensionsRegistry (DefaultExtensionsRegistry.java:loadRegistries:208) - Instantiating registry of type net.sf.jasperreports.engine.export.MatcherExportFilterMappingExtensionsRegistryFactory for property net.sf.jasperreports.extension.registry.factory.matcher.exporter.filter.mapping
DEBUG 2022-11-19 23:51:52,611 net.sf.jasperreports.extensions.DefaultExtensionsRegistry (DefaultExtensionsRegistry.java:instantiateRegistry:233) - Instantiating extensions registry for matcher.exporter.filter.mapping using factory class net.sf.jasperreports.engine.export.MatcherExportFilterMappingExtensionsRegistryFactory
DEBUG 2022-11-19 23:51:52,612 net.sf.jasperreports.extensions.DefaultExtensionsRegistry (DefaultExtensionsRegistry.java:loadRegistries:208) - Instantiating registry of type net.sf.jasperreports.governors.GovernorExtensionsRegistryFactory for property net.sf.jasperreports.extension.registry.factory.governor
DEBUG 2022-11-19 23:51:52,612 net.sf.jasperreports.extensions.DefaultExtensionsRegistry (DefaultExtensionsRegistry.java:instantiateRegistry:233) - Instantiating extensions registry for governor using factory class net.sf.jasperreports.governors.GovernorExtensionsRegistryFactory
DEBUG 2022-11-19 23:51:52,616 net.sf.jasperreports.extensions.DefaultExtensionsRegistry (DefaultExtensionsRegistry.java:loadRegistries:208) - Instantiating registry of type net.sf.jasperreports.web.util.RequirejsModuleMappingExtensionsRegistryFactory for property net.sf.jasperreports.extension.registry.factory.requirejs.module.mapping
DEBUG 2022-11-19 23:51:52,617 net.sf.jasperreports.extensions.DefaultExtensionsRegistry (DefaultExtensionsRegistry.java:instantiateRegistry:233) - Instantiating extensions registry for requirejs.module.mapping using factory class net.sf.jasperreports.web.util.RequirejsModuleMappingExtensionsRegistryFactory
DEBUG 2022-11-19 23:51:52,618 net.sf.jasperreports.extensions.DefaultExtensionsRegistry (DefaultExtensionsRegistry.java:loadRegistries:208) - Instantiating registry of type net.sf.jasperreports.engine.query.SQLQueryClauseFunctionsExtensions for property net.sf.jasperreports.extension.registry.factory.sql.clause.functions
DEBUG 2022-11-19 23:51:52,618 net.sf.jasperreports.extensions.DefaultExtensionsRegistry (DefaultExtensionsRegistry.java:instantiateRegistry:233) - Instantiating extensions registry for sql.clause.functions using factory class net.sf.jasperreports.engine.query.SQLQueryClauseFunctionsExtensions
DEBUG 2022-11-19 23:51:52,624 net.sf.jasperreports.extensions.DefaultExtensionsRegistry (DefaultExtensionsRegistry.java:loadRegistries:208) - Instantiating registry of type net.sf.jasperreports.engine.style.PropertyStyleProviderExtensionFactory for property net.sf.jasperreports.extension.registry.factory.property.style.provider
DEBUG 2022-11-19 23:51:52,625 net.sf.jasperreports.extensions.DefaultExtensionsRegistry (DefaultExtensionsRegistry.java:instantiateRegistry:233) - Instantiating extensions registry for property.style.provider using factory class net.sf.jasperreports.engine.style.PropertyStyleProviderExtensionFactory
DEBUG 2022-11-19 23:51:52,628 net.sf.jasperreports.extensions.DefaultExtensionsRegistry (DefaultExtensionsRegistry.java:loadRegistries:208) - Instantiating registry of type net.sf.jasperreports.web.util.JacksonMappingExtensionsRegistryFactory for property net.sf.jasperreports.extension.registry.factory.jackson.mapping
DEBUG 2022-11-19 23:51:52,629 net.sf.jasperreports.extensions.DefaultExtensionsRegistry (DefaultExtensionsRegistry.java:instantiateRegistry:233) - Instantiating extensions registry for jackson.mapping using factory class net.sf.jasperreports.web.util.JacksonMappingExtensionsRegistryFactory
DEBUG 2022-11-19 23:51:52,630 net.sf.jasperreports.extensions.DefaultExtensionsRegistry (DefaultExtensionsRegistry.java:loadRegistries:208) - Instantiating registry of type net.sf.jasperreports.extensions.DefaultExtensionsRegistryFactory for property net.sf.jasperreports.extension.registry.factory.default
DEBUG 2022-11-19 23:51:52,631 net.sf.jasperreports.extensions.DefaultExtensionsRegistry (DefaultExtensionsRegistry.java:instantiateRegistry:233) - Instantiating extensions registry for default using factory class net.sf.jasperreports.extensions.DefaultExtensionsRegistryFactory
DEBUG 2022-11-19 23:51:52,634 net.sf.jasperreports.extensions.DefaultExtensionsRegistry (DefaultExtensionsRegistry.java:loadRegistries:208) - Instantiating registry of type net.sf.jasperreports.components.ComponentsExtensionsRegistryFactory for property net.sf.jasperreports.extension.registry.factory.components
DEBUG 2022-11-19 23:51:52,634 net.sf.jasperreports.extensions.DefaultExtensionsRegistry (DefaultExtensionsRegistry.java:instantiateRegistry:233) - Instantiating extensions registry for components using factory class net.sf.jasperreports.components.ComponentsExtensionsRegistryFactory
DEBUG 2022-11-19 23:51:52,669 net.sf.jasperreports.extensions.DefaultExtensionsRegistry (DefaultExtensionsRegistry.java:loadRegistries:208) - Instantiating registry of type net.sf.jasperreports.components.headertoolbar.HeaderToolbarConditionalStyleProviderExtensionFactory for property net.sf.jasperreports.extension.registry.factory.header.toolbar.style.provider
DEBUG 2022-11-19 23:51:52,669 net.sf.jasperreports.extensions.DefaultExtensionsRegistry (DefaultExtensionsRegistry.java:instantiateRegistry:233) - Instantiating extensions registry for header.toolbar.style.provider using factory class net.sf.jasperreports.components.headertoolbar.HeaderToolbarConditionalStyleProviderExtensionFactory
DEBUG 2022-11-19 23:51:53,249 net.sf.jasperreports.engine.fill.JRFillBand (JRFillBand.java:setOrigin:154) - Origin {reportName: null, groupName: null,bandType: BACKGROUND} for band 734839290
DEBUG 2022-11-19 23:51:53,272 net.sf.jasperreports.engine.fill.JRFillBand (JRFillBand.java:setOrigin:154) - Origin {reportName: null, groupName: null,bandType: TITLE} for band 2013598882
DEBUG 2022-11-19 23:51:53,273 net.sf.jasperreports.engine.fill.JRFillBand (JRFillBand.java:setOrigin:154) - Origin {reportName: null, groupName: null,bandType: PAGE_HEADER} for band 775377640
DEBUG 2022-11-19 23:51:53,273 net.sf.jasperreports.engine.fill.JRFillBand (JRFillBand.java:setOrigin:154) - Origin {reportName: null, groupName: null,bandType: COLUMN_HEADER} for band 712596059
DEBUG 2022-11-19 23:51:53,275 net.sf.jasperreports.engine.fill.JRFillBand (JRFillBand.java:setOrigin:154) - Origin {reportName: null, groupName: null,bandType: DETAIL} for band 2115098832
DEBUG 2022-11-19 23:51:53,276 net.sf.jasperreports.engine.fill.JRFillBand (JRFillBand.java:setOrigin:154) - Origin {reportName: null, groupName: null,bandType: COLUMN_FOOTER} for band 910278444
DEBUG 2022-11-19 23:51:53,276 net.sf.jasperreports.engine.fill.JRFillBand (JRFillBand.java:setOrigin:154) - Origin {reportName: null, groupName: null,bandType: PAGE_FOOTER} for band 795726757
DEBUG 2022-11-19 23:51:53,277 net.sf.jasperreports.engine.fill.JRFillBand (JRFillBand.java:setOrigin:154) - Origin {reportName: null, groupName: null,bandType: SUMMARY} for band 1703153109
DEBUG 2022-11-19 23:51:53,278 net.sf.jasperreports.engine.fill.JRVerticalFiller (JRVerticalFiller.java:setPageHeight:108) - Filler 1 - pageHeight: 425, columnFooterOffsetY: 383, lastPageColumnFooterOffsetY: 405
DEBUG 2022-11-19 23:51:53,279 net.sf.jasperreports.engine.fill.JRBaseFiller (JRBaseFiller.java:fill:488) - Fill 1: filling report
DEBUG 2022-11-19 23:51:53,286 net.sf.jasperreports.engine.fill.JRFillDataset (JRFillDataset.java:createQueryDatasource:1112) - Fill 1: Creating sql query executer
DEBUG 2022-11-19 23:51:53,294 net.sf.jasperreports.engine.query.JRJdbcQueryExecuter (JRJdbcQueryExecuter.java:createStatement:254) - SQL query string: SELECT
     convenios.`Nombre_convenio` AS convenios_Nombre_convenio,
     facturas.`Codigo` AS facturas_Codigo,
     facturas.`Placa` AS facturas_Placa,
     facturas.`Propietario` AS facturas_Propietario,
     facturas.`Tipo_vehiculo` AS facturas_Tipo_vehiculo,
     facturas.`Facturado_por` AS facturas_Facturado_por,
     facturas.`Estado_fctra` AS facturas_Estado_fctra,
     facturas.`Hora_ingreso` AS facturas_Hora_ingreso,
     facturas.`Hora_salida` AS facturas_Hora_salida,
     facturas.`Valor_a_pagar` AS facturas_Valor_a_pagar,
     facturas.`Efectivo` AS facturas_Efectivo,
     facturas.`Cambio` AS facturas_Cambio,
     tarifas.`Nombre_tarifa` AS tarifas_Nombre_tarifa,
     parqueaderos.`Nombre_parqueadero` AS parqueaderos_Nombre_parqueadero,
     facturas.`Contabilizada` AS facturas_Contabilizada
FROM
     `convenios` convenios INNER JOIN `facturas` facturas ON convenios.`Id_convenio` = facturas.`Id_convenio`
     INNER JOIN `tarifas` tarifas ON facturas.`Id_tarifa` = tarifas.`Id_tarifa`
     INNER JOIN `parqueaderos` parqueaderos ON facturas.`No_parqueadero` = parqueaderos.`Id_parqueadero`
WHERE
     facturas.`Placa` = ?
 AND facturas.`Estado_fctra` = 'Cerrada'
DEBUG 2022-11-19 23:51:53,295 net.sf.jasperreports.engine.query.JRJdbcQueryExecuter (JRJdbcQueryExecuter.java:setStatementParameter:396) - Parameter #1 (placa of type java.lang.String): BTA824
DEBUG 2022-11-19 23:51:53,319 net.sf.jasperreports.engine.fill.JRBaseFiller (JRBaseFiller.java:addPage:1138) - Fill 1: adding page 1
DEBUG 2022-11-19 23:51:53,320 net.sf.jasperreports.engine.fill.JRVerticalFiller (JRVerticalFiller.java:fillTitle:306) - Fill 1: title at 20
DEBUG 2022-11-19 23:51:53,356 net.sf.jasperreports.engine.util.DeduplicableRegistry$DeduplicableMap (DeduplicableRegistry.java:deduplicate:85) - Added object net.sf.jasperreports.engine.fill.JRTemplateImage@5f72f515
DEBUG 2022-11-19 23:51:53,378 net.sf.jasperreports.engine.fill.SimpleTextLineWrapper (SimpleTextLineWrapper.java:createElementFontInfosFillCache:303) - creating element font infos cache of size 2000
DEBUG 2022-11-19 23:51:53,509 net.sf.jasperreports.engine.util.DeduplicableRegistry$DeduplicableMap (DeduplicableRegistry.java:deduplicate:85) - Added object net.sf.jasperreports.engine.fill.JRTemplateText@160deca0
DEBUG 2022-11-19 23:51:53,511 net.sf.jasperreports.engine.util.DeduplicableRegistry$DeduplicableMap (DeduplicableRegistry.java:deduplicate:85) - Added object net.sf.jasperreports.engine.fill.JRTemplateText@7f18a18e
DEBUG 2022-11-19 23:51:53,511 net.sf.jasperreports.engine.util.DeduplicableRegistry$DeduplicableMap (DeduplicableRegistry.java:deduplicate:85) - Added object net.sf.jasperreports.engine.fill.JRTemplateText@4911ce7e
DEBUG 2022-11-19 23:51:53,512 net.sf.jasperreports.engine.fill.JRFillTextField (JRFillTextField.java:registerTemplate:507) - created net.sf.jasperreports.engine.fill.JRTemplateText@4911ce7e for (null, {java.util.Date, dd/MM/yyyy,null,null,null})
DEBUG 2022-11-19 23:51:53,512 net.sf.jasperreports.engine.fill.DelayedFillActions (DelayedFillActions.java:runActions:227) - 1 running delayed actions on {type: BAND, group: null, band: 2013598882}
DEBUG 2022-11-19 23:51:53,512 net.sf.jasperreports.engine.fill.DelayedFillActions (DelayedFillActions.java:runActions:227) - 1 running delayed actions on {type: BAND, group: null, band: 775377640}
DEBUG 2022-11-19 23:51:53,512 net.sf.jasperreports.engine.fill.DelayedFillActions (DelayedFillActions.java:runActions:227) - 1 running delayed actions on {type: BAND, group: null, band: 712596059}
DEBUG 2022-11-19 23:51:53,513 net.sf.jasperreports.engine.fill.JRVerticalFiller (JRVerticalFiller.java:fillDetail:707) - Fill 1: detail at 78
DEBUG 2022-11-19 23:51:53,525 net.sf.jasperreports.engine.util.DeduplicableRegistry$DeduplicableMap (DeduplicableRegistry.java:deduplicate:85) - Added object net.sf.jasperreports.engine.fill.JRTemplateText@7243c675
DEBUG 2022-11-19 23:51:53,526 net.sf.jasperreports.engine.util.DeduplicableRegistry$DeduplicableMap (DeduplicableRegistry.java:deduplicate:92) - Found existing instance net.sf.jasperreports.engine.fill.JRTemplateText@7243c675 for object net.sf.jasperreports.engine.fill.JRTemplateText@472b890e
DEBUG 2022-11-19 23:51:53,526 net.sf.jasperreports.engine.util.DeduplicableRegistry$DeduplicableMap (DeduplicableRegistry.java:deduplicate:92) - Found existing instance net.sf.jasperreports.engine.fill.JRTemplateText@7243c675 for object net.sf.jasperreports.engine.fill.JRTemplateText@58c012df
DEBUG 2022-11-19 23:51:53,526 net.sf.jasperreports.engine.util.DeduplicableRegistry$DeduplicableMap (DeduplicableRegistry.java:deduplicate:92) - Found existing instance net.sf.jasperreports.engine.fill.JRTemplateText@7243c675 for object net.sf.jasperreports.engine.fill.JRTemplateText@2a4d5cef
DEBUG 2022-11-19 23:51:53,527 net.sf.jasperreports.engine.util.DeduplicableRegistry$DeduplicableMap (DeduplicableRegistry.java:deduplicate:92) - Found existing instance net.sf.jasperreports.engine.fill.JRTemplateText@7243c675 for object net.sf.jasperreports.engine.fill.JRTemplateText@46d147bd
DEBUG 2022-11-19 23:51:53,527 net.sf.jasperreports.engine.util.DeduplicableRegistry$DeduplicableMap (DeduplicableRegistry.java:deduplicate:92) - Found existing instance net.sf.jasperreports.engine.fill.JRTemplateText@7243c675 for object net.sf.jasperreports.engine.fill.JRTemplateText@5da9c590
DEBUG 2022-11-19 23:51:53,527 net.sf.jasperreports.engine.util.DeduplicableRegistry$DeduplicableMap (DeduplicableRegistry.java:deduplicate:92) - Found existing instance net.sf.jasperreports.engine.fill.JRTemplateText@7243c675 for object net.sf.jasperreports.engine.fill.JRTemplateText@5276210
DEBUG 2022-11-19 23:51:53,528 net.sf.jasperreports.engine.util.DeduplicableRegistry$DeduplicableMap (DeduplicableRegistry.java:deduplicate:92) - Found existing instance net.sf.jasperreports.engine.fill.JRTemplateText@7243c675 for object net.sf.jasperreports.engine.fill.JRTemplateText@45cdec7f
DEBUG 2022-11-19 23:51:53,528 net.sf.jasperreports.engine.util.DeduplicableRegistry$DeduplicableMap (DeduplicableRegistry.java:deduplicate:92) - Found existing instance net.sf.jasperreports.engine.fill.JRTemplateText@7243c675 for object net.sf.jasperreports.engine.fill.JRTemplateText@96da7d4
DEBUG 2022-11-19 23:51:53,529 net.sf.jasperreports.engine.util.DeduplicableRegistry$DeduplicableMap (DeduplicableRegistry.java:deduplicate:92) - Found existing instance net.sf.jasperreports.engine.fill.JRTemplateText@7243c675 for object net.sf.jasperreports.engine.fill.JRTemplateText@1a7b662c
DEBUG 2022-11-19 23:51:53,529 net.sf.jasperreports.engine.util.DeduplicableRegistry$DeduplicableMap (DeduplicableRegistry.java:deduplicate:92) - Found existing instance net.sf.jasperreports.engine.fill.JRTemplateText@7243c675 for object net.sf.jasperreports.engine.fill.JRTemplateText@2472a091
DEBUG 2022-11-19 23:51:53,529 net.sf.jasperreports.engine.util.DeduplicableRegistry$DeduplicableMap (DeduplicableRegistry.java:deduplicate:92) - Found existing instance net.sf.jasperreports.engine.fill.JRTemplateText@7243c675 for object net.sf.jasperreports.engine.fill.JRTemplateText@ef60e74
DEBUG 2022-11-19 23:51:53,529 net.sf.jasperreports.engine.util.DeduplicableRegistry$DeduplicableMap (DeduplicableRegistry.java:deduplicate:92) - Found existing instance net.sf.jasperreports.engine.fill.JRTemplateText@7243c675 for object net.sf.jasperreports.engine.fill.JRTemplateText@6ac14b79
DEBUG 2022-11-19 23:51:53,530 net.sf.jasperreports.engine.util.DeduplicableRegistry$DeduplicableMap (DeduplicableRegistry.java:deduplicate:85) - Added object net.sf.jasperreports.engine.fill.JRTemplateText@2bca1a0b
DEBUG 2022-11-19 23:51:53,530 net.sf.jasperreports.engine.fill.JRFillTextField (JRFillTextField.java:registerTemplate:507) - created net.sf.jasperreports.engine.fill.JRTemplateText@2bca1a0b for (null, null)
DEBUG 2022-11-19 23:51:53,530 net.sf.jasperreports.engine.util.DeduplicableRegistry$DeduplicableMap (DeduplicableRegistry.java:deduplicate:92) - Found existing instance net.sf.jasperreports.engine.fill.JRTemplateText@2bca1a0b for object net.sf.jasperreports.engine.fill.JRTemplateText@1a8d51cb
DEBUG 2022-11-19 23:51:53,531 net.sf.jasperreports.engine.fill.JRFillTextField (JRFillTextField.java:registerTemplate:507) - created net.sf.jasperreports.engine.fill.JRTemplateText@2bca1a0b for (null, null)
DEBUG 2022-11-19 23:51:53,531 net.sf.jasperreports.engine.util.DeduplicableRegistry$DeduplicableMap (DeduplicableRegistry.java:deduplicate:92) - Found existing instance net.sf.jasperreports.engine.fill.JRTemplateText@2bca1a0b for object net.sf.jasperreports.engine.fill.JRTemplateText@24366940
DEBUG 2022-11-19 23:51:53,531 net.sf.jasperreports.engine.fill.JRFillTextField (JRFillTextField.java:registerTemplate:507) - created net.sf.jasperreports.engine.fill.JRTemplateText@2bca1a0b for (null, null)
DEBUG 2022-11-19 23:51:53,531 net.sf.jasperreports.engine.util.DeduplicableRegistry$DeduplicableMap (DeduplicableRegistry.java:deduplicate:92) - Found existing instance net.sf.jasperreports.engine.fill.JRTemplateText@2bca1a0b for object net.sf.jasperreports.engine.fill.JRTemplateText@444c643c
DEBUG 2022-11-19 23:51:53,534 net.sf.jasperreports.engine.fill.JRFillTextField (JRFillTextField.java:registerTemplate:507) - created net.sf.jasperreports.engine.fill.JRTemplateText@2bca1a0b for (null, null)
DEBUG 2022-11-19 23:51:53,534 net.sf.jasperreports.engine.util.DeduplicableRegistry$DeduplicableMap (DeduplicableRegistry.java:deduplicate:92) - Found existing instance net.sf.jasperreports.engine.fill.JRTemplateText@2bca1a0b for object net.sf.jasperreports.engine.fill.JRTemplateText@3fad34fc
DEBUG 2022-11-19 23:51:53,535 net.sf.jasperreports.engine.fill.JRFillTextField (JRFillTextField.java:registerTemplate:507) - created net.sf.jasperreports.engine.fill.JRTemplateText@2bca1a0b for (null, null)
DEBUG 2022-11-19 23:51:53,535 net.sf.jasperreports.engine.util.DeduplicableRegistry$DeduplicableMap (DeduplicableRegistry.java:deduplicate:92) - Found existing instance net.sf.jasperreports.engine.fill.JRTemplateText@2bca1a0b for object net.sf.jasperreports.engine.fill.JRTemplateText@4f5e29cb
DEBUG 2022-11-19 23:51:53,535 net.sf.jasperreports.engine.fill.JRFillTextField (JRFillTextField.java:registerTemplate:507) - created net.sf.jasperreports.engine.fill.JRTemplateText@2bca1a0b for (null, null)
DEBUG 2022-11-19 23:51:53,536 net.sf.jasperreports.engine.util.DeduplicableRegistry$DeduplicableMap (DeduplicableRegistry.java:deduplicate:92) - Found existing instance net.sf.jasperreports.engine.fill.JRTemplateText@2bca1a0b for object net.sf.jasperreports.engine.fill.JRTemplateText@58353509
DEBUG 2022-11-19 23:51:53,536 net.sf.jasperreports.engine.fill.JRFillTextField (JRFillTextField.java:registerTemplate:507) - created net.sf.jasperreports.engine.fill.JRTemplateText@2bca1a0b for (null, null)
DEBUG 2022-11-19 23:51:53,536 net.sf.jasperreports.engine.util.DeduplicableRegistry$DeduplicableMap (DeduplicableRegistry.java:deduplicate:92) - Found existing instance net.sf.jasperreports.engine.fill.JRTemplateText@2bca1a0b for object net.sf.jasperreports.engine.fill.JRTemplateText@7f7fd7b7
DEBUG 2022-11-19 23:51:53,536 net.sf.jasperreports.engine.fill.JRFillTextField (JRFillTextField.java:registerTemplate:507) - created net.sf.jasperreports.engine.fill.JRTemplateText@2bca1a0b for (null, null)
DEBUG 2022-11-19 23:51:53,537 net.sf.jasperreports.engine.util.DeduplicableRegistry$DeduplicableMap (DeduplicableRegistry.java:deduplicate:85) - Added object net.sf.jasperreports.engine.fill.JRTemplateText@29a30670
DEBUG 2022-11-19 23:51:53,537 net.sf.jasperreports.engine.fill.JRFillTextField (JRFillTextField.java:registerTemplate:507) - created net.sf.jasperreports.engine.fill.JRTemplateText@29a30670 for (null, {java.sql.Timestamp, d/MM/yy hh:mm a,null,null,null})
DEBUG 2022-11-19 23:51:53,537 net.sf.jasperreports.engine.util.DeduplicableRegistry$DeduplicableMap (DeduplicableRegistry.java:deduplicate:92) - Found existing instance net.sf.jasperreports.engine.fill.JRTemplateText@29a30670 for object net.sf.jasperreports.engine.fill.JRTemplateText@170d72fe
DEBUG 2022-11-19 23:51:53,538 net.sf.jasperreports.engine.fill.JRFillTextField (JRFillTextField.java:registerTemplate:507) - created net.sf.jasperreports.engine.fill.JRTemplateText@29a30670 for (null, {java.sql.Timestamp, d/MM/yy hh:mm a,null,null,null})
DEBUG 2022-11-19 23:51:53,538 net.sf.jasperreports.engine.util.DeduplicableRegistry$DeduplicableMap (DeduplicableRegistry.java:deduplicate:92) - Found existing instance net.sf.jasperreports.engine.fill.JRTemplateText@2bca1a0b for object net.sf.jasperreports.engine.fill.JRTemplateText@6661906b
DEBUG 2022-11-19 23:51:53,538 net.sf.jasperreports.engine.fill.JRFillTextField (JRFillTextField.java:registerTemplate:507) - created net.sf.jasperreports.engine.fill.JRTemplateText@2bca1a0b for (null, null)
DEBUG 2022-11-19 23:51:53,538 net.sf.jasperreports.engine.util.DeduplicableRegistry$DeduplicableMap (DeduplicableRegistry.java:deduplicate:92) - Found existing instance net.sf.jasperreports.engine.fill.JRTemplateText@2bca1a0b for object net.sf.jasperreports.engine.fill.JRTemplateText@6722217f
DEBUG 2022-11-19 23:51:53,539 net.sf.jasperreports.engine.fill.JRFillTextField (JRFillTextField.java:registerTemplate:507) - created net.sf.jasperreports.engine.fill.JRTemplateText@2bca1a0b for (null, null)
DEBUG 2022-11-19 23:51:53,556 net.sf.jasperreports.engine.util.DeduplicableRegistry$DeduplicableMap (DeduplicableRegistry.java:deduplicate:92) - Found existing instance net.sf.jasperreports.engine.fill.JRTemplateText@2bca1a0b for object net.sf.jasperreports.engine.fill.JRTemplateText@56033b6d
DEBUG 2022-11-19 23:51:53,556 net.sf.jasperreports.engine.fill.JRFillTextField (JRFillTextField.java:registerTemplate:507) - created net.sf.jasperreports.engine.fill.JRTemplateText@2bca1a0b for (null, null)
DEBUG 2022-11-19 23:51:53,558 net.sf.jasperreports.engine.fill.DelayedFillActions (DelayedFillActions.java:runActions:227) - 1 running delayed actions on {type: BAND, group: null, band: 2115098832}
DEBUG 2022-11-19 23:51:53,559 net.sf.jasperreports.engine.fill.JRVerticalFiller (JRVerticalFiller.java:fillDetail:707) - Fill 1: detail at 338
DEBUG 2022-11-19 23:51:53,559 net.sf.jasperreports.engine.fill.DelayedFillActions (DelayedFillActions.java:runActions:227) - 1 running delayed actions on {type: BAND, group: null, band: 910278444}
DEBUG 2022-11-19 23:51:53,559 net.sf.jasperreports.engine.fill.JRVerticalFiller (JRVerticalFiller.java:fillPageFooter:992) - Fill 1: page footer at 383
DEBUG 2022-11-19 23:51:53,560 net.sf.jasperreports.engine.util.DeduplicableRegistry$DeduplicableMap (DeduplicableRegistry.java:deduplicate:85) - Added object net.sf.jasperreports.engine.fill.JRTemplateText@7a0df629
DEBUG 2022-11-19 23:51:53,560 net.sf.jasperreports.engine.fill.DelayedFillActions (DelayedFillActions.java:runActions:227) - 1 running delayed actions on {type: BAND, group: null, band: 795726757}
DEBUG 2022-11-19 23:51:53,560 net.sf.jasperreports.engine.fill.DelayedFillActions (DelayedFillActions.java:runActions:227) - 1 running delayed actions on {type: COLUMN, group: null, band: 0}
DEBUG 2022-11-19 23:51:53,561 net.sf.jasperreports.engine.fill.DelayedFillActions (DelayedFillActions.java:runActions:227) - 1 running delayed actions on {type: PAGE, group: null, band: 0}
DEBUG 2022-11-19 23:51:53,561 net.sf.jasperreports.engine.fill.JRBaseFiller (JRBaseFiller.java:addPage:1138) - Fill 1: adding page 2
DEBUG 2022-11-19 23:51:53,561 net.sf.jasperreports.engine.fill.DelayedFillActions (DelayedFillActions.java:runActions:227) - 1 running delayed actions on {type: BAND, group: null, band: 775377640}
DEBUG 2022-11-19 23:51:53,561 net.sf.jasperreports.engine.fill.DelayedFillActions (DelayedFillActions.java:runActions:227) - 1 running delayed actions on {type: BAND, group: null, band: 712596059}
DEBUG 2022-11-19 23:51:53,566 net.sf.jasperreports.engine.fill.DelayedFillActions (DelayedFillActions.java:runActions:227) - 1 running delayed actions on {type: BAND, group: null, band: 2115098832}
DEBUG 2022-11-19 23:51:53,566 net.sf.jasperreports.engine.fill.DelayedFillActions (DelayedFillActions.java:runActions:227) - 1 running delayed actions on {type: BAND, group: null, band: 910278444}
DEBUG 2022-11-19 23:51:53,567 net.sf.jasperreports.engine.fill.JRVerticalFiller (JRVerticalFiller.java:fillPageFooter:992) - Fill 1: page footer at 383
DEBUG 2022-11-19 23:51:53,567 net.sf.jasperreports.engine.fill.DelayedFillActions (DelayedFillActions.java:runActions:227) - 1 running delayed actions on {type: BAND, group: null, band: 795726757}
DEBUG 2022-11-19 23:51:53,567 net.sf.jasperreports.engine.fill.DelayedFillActions (DelayedFillActions.java:runActions:227) - 1 running delayed actions on {type: COLUMN, group: null, band: 0}
DEBUG 2022-11-19 23:51:53,567 net.sf.jasperreports.engine.fill.DelayedFillActions (DelayedFillActions.java:runActions:227) - 1 running delayed actions on {type: PAGE, group: null, band: 0}
DEBUG 2022-11-19 23:51:53,567 net.sf.jasperreports.engine.fill.DelayedFillActions (DelayedFillActions.java:runActions:227) - 1 running delayed actions on {type: REPORT, group: null, band: 0}
DEBUG 2022-11-19 23:51:53,568 net.sf.jasperreports.engine.fill.DelayedFillActions (DelayedFillActions.java:runActions:227) - 1 running delayed actions on {type: MASTER, group: null, band: 0}
DEBUG 2022-11-19 23:51:53,568 net.sf.jasperreports.engine.fill.JRBaseFiller (JRBaseFiller.java:fill:550) - Fill 1: ended
DEBUG 2022-11-19 23:51:53,581 net.sf.jasperreports.engine.fill.JRFillDataset (JRFillDataset.java:closeQueryExecuter:1193) - Fill 1: closing query executer
 INFO 2022-11-19 23:52:21,145 vista.Login (Login.java:sincronizarLog:285) - INFO - Se ha sincronizado el log con el sistema satisfactoriamente.
 INFO 2022-11-19 23:52:21,146 vista.Login (Login.java:<init>:43) - INFO - Se inicia aplicación satisfactoriamente
 INFO 2022-11-19 23:52:21,155 vista.MenuAdministrador (MenuAdministrador.java:btn_cerrarSesionActionPerformed:407) - INFO - El usuario ha cerrado sesión satisfactoriamente
 INFO 2022-11-19 23:53:11,159 vista.Login (Login.java:sincronizarLog:285) - INFO - Se ha sincronizado el log con el sistema satisfactoriamente.
 INFO 2022-11-19 23:53:11,168 vista.Login (Login.java:<init>:43) - INFO - Se inicia aplicación satisfactoriamente
 INFO 2022-11-19 23:53:16,987 controlador.UsuarioControlador (UsuarioControlador.java:logueo:187) - INFO - El usuario Administrador: Alejo97 se ha logueado satisfactoriamente.
FATAL 2022-11-19 23:55:19,174 controlador.ParqueaderoControlador (ParqueaderoControlador.java:actualizarInfoDePropietarioEnParqueadero:565) - ERROR - Se ha producido un error al actualizar info del propietario de un parqueaderocom.mysql.jdbc.exceptions.jdbc4.MySQLSyntaxErrorException: Unknown column '1A' in 'where clause'
DEBUG 2022-11-19 23:57:16,666 net.sf.jasperreports.engine.fill.BaseReportFiller (BaseReportFiller.java:<init>:146) - Fill 1: created for report name
DEBUG 2022-11-19 23:57:16,730 net.sf.jasperreports.engine.fill.BaseReportFiller (BaseReportFiller.java:<init>:185) - created delayed actions 1 for filler 1
DEBUG 2022-11-19 23:57:16,733 net.sf.jasperreports.extensions.ExtensionsEnvironment (ExtensionsEnvironment.java:createDefaultRegistry:78) - Instantiating extensions registry class net.sf.jasperreports.extensions.DefaultExtensionsRegistry
DEBUG 2022-11-19 23:57:16,735 net.sf.jasperreports.extensions.DefaultExtensionsRegistry (DefaultExtensionsRegistry.java:getRegistries:130) - Loading registries for cache key sun.misc.Launcher$AppClassLoader@7f31245a
DEBUG 2022-11-19 23:57:16,736 net.sf.jasperreports.engine.util.JRLoader (JRLoader.java:collectResources:724) - Found resource jasperreports_extension.properties at jar:file:/E:/MIS%20PROYECTOS/Java/proyectos%20netbeans%20Java/ProyectoParking/librerias/libReports/jasperreports-6.0.0.jar!/jasperreports_extension.properties in classloader sun.misc.Launcher$AppClassLoader@7f31245a
DEBUG 2022-11-19 23:57:16,737 net.sf.jasperreports.extensions.DefaultExtensionsRegistry (DefaultExtensionsRegistry.java:loadRegistries:158) - Loading JasperReports extension properties resource jar:file:/E:/MIS%20PROYECTOS/Java/proyectos%20netbeans%20Java/ProyectoParking/librerias/libReports/jasperreports-6.0.0.jar!/jasperreports_extension.properties
DEBUG 2022-11-19 23:57:16,740 net.sf.jasperreports.extensions.DefaultExtensionsRegistry (DefaultExtensionsRegistry.java:loadRegistries:208) - Instantiating registry of type net.sf.jasperreports.components.headertoolbar.HeaderToolbarParameterContributorExtensionFactory for property net.sf.jasperreports.extension.registry.factory.header.toolbar.parameter.contributor
DEBUG 2022-11-19 23:57:16,740 net.sf.jasperreports.extensions.DefaultExtensionsRegistry (DefaultExtensionsRegistry.java:instantiateRegistry:233) - Instantiating extensions registry for header.toolbar.parameter.contributor using factory class net.sf.jasperreports.components.headertoolbar.HeaderToolbarParameterContributorExtensionFactory
DEBUG 2022-11-19 23:57:16,744 net.sf.jasperreports.extensions.DefaultExtensionsRegistry (DefaultExtensionsRegistry.java:loadRegistries:208) - Instantiating registry of type net.sf.jasperreports.types.date.DateRangeQueryClauseExtensions for property net.sf.jasperreports.extension.registry.factory.date.range.clause.functions
DEBUG 2022-11-19 23:57:16,744 net.sf.jasperreports.extensions.DefaultExtensionsRegistry (DefaultExtensionsRegistry.java:instantiateRegistry:233) - Instantiating extensions registry for date.range.clause.functions using factory class net.sf.jasperreports.types.date.DateRangeQueryClauseExtensions
DEBUG 2022-11-19 23:57:16,753 net.sf.jasperreports.extensions.DefaultExtensionsRegistry (DefaultExtensionsRegistry.java:loadRegistries:208) - Instantiating registry of type net.sf.jasperreports.repo.DefaultRepositoryExtensionsRegistryFactory for property net.sf.jasperreports.extension.registry.factory.repository
DEBUG 2022-11-19 23:57:16,753 net.sf.jasperreports.extensions.DefaultExtensionsRegistry (DefaultExtensionsRegistry.java:instantiateRegistry:233) - Instantiating extensions registry for repository using factory class net.sf.jasperreports.repo.DefaultRepositoryExtensionsRegistryFactory
DEBUG 2022-11-19 23:57:16,757 net.sf.jasperreports.extensions.DefaultExtensionsRegistry (DefaultExtensionsRegistry.java:loadRegistries:208) - Instantiating registry of type net.sf.jasperreports.parts.PartComponentsExtensionsRegistryFactory for property net.sf.jasperreports.extension.registry.factory.parts
DEBUG 2022-11-19 23:57:16,757 net.sf.jasperreports.extensions.DefaultExtensionsRegistry (DefaultExtensionsRegistry.java:instantiateRegistry:233) - Instantiating extensions registry for parts using factory class net.sf.jasperreports.parts.PartComponentsExtensionsRegistryFactory
DEBUG 2022-11-19 23:57:16,764 net.sf.jasperreports.extensions.DefaultExtensionsRegistry (DefaultExtensionsRegistry.java:loadRegistries:208) - Instantiating registry of type net.sf.jasperreports.web.util.ContentTypeMappingExtensionsRegistryFactory for property net.sf.jasperreports.extension.registry.factory.content.type.mapping
DEBUG 2022-11-19 23:57:16,764 net.sf.jasperreports.extensions.DefaultExtensionsRegistry (DefaultExtensionsRegistry.java:instantiateRegistry:233) - Instantiating extensions registry for content.type.mapping using factory class net.sf.jasperreports.web.util.ContentTypeMappingExtensionsRegistryFactory
DEBUG 2022-11-19 23:57:16,766 net.sf.jasperreports.extensions.DefaultExtensionsRegistry (DefaultExtensionsRegistry.java:loadRegistries:208) - Instantiating registry of type net.sf.jasperreports.engine.fonts.SimpleFontExtensionsRegistryFactory for property net.sf.jasperreports.extension.registry.factory.simple.font.families
DEBUG 2022-11-19 23:57:16,766 net.sf.jasperreports.extensions.DefaultExtensionsRegistry (DefaultExtensionsRegistry.java:instantiateRegistry:233) - Instantiating extensions registry for simple.font.families using factory class net.sf.jasperreports.engine.fonts.SimpleFontExtensionsRegistryFactory
DEBUG 2022-11-19 23:57:16,767 net.sf.jasperreports.extensions.DefaultExtensionsRegistry (DefaultExtensionsRegistry.java:loadRegistries:208) - Instantiating registry of type net.sf.jasperreports.data.DefaultDataAdapterServiceExtensionsRegistryFactory for property net.sf.jasperreports.extension.registry.factory.data.adapter.services
DEBUG 2022-11-19 23:57:16,767 net.sf.jasperreports.extensions.DefaultExtensionsRegistry (DefaultExtensionsRegistry.java:instantiateRegistry:233) - Instantiating extensions registry for data.adapter.services using factory class net.sf.jasperreports.data.DefaultDataAdapterServiceExtensionsRegistryFactory
DEBUG 2022-11-19 23:57:16,769 net.sf.jasperreports.extensions.DefaultExtensionsRegistry (DefaultExtensionsRegistry.java:loadRegistries:208) - Instantiating registry of type net.sf.jasperreports.web.util.WebResourceHandlersExtensionRegistryFactory for property net.sf.jasperreports.extension.registry.factory.jive.web.resource.handlers
DEBUG 2022-11-19 23:57:16,770 net.sf.jasperreports.extensions.DefaultExtensionsRegistry (DefaultExtensionsRegistry.java:instantiateRegistry:233) - Instantiating extensions registry for jive.web.resource.handlers using factory class net.sf.jasperreports.web.util.WebResourceHandlersExtensionRegistryFactory
DEBUG 2022-11-19 23:57:16,771 net.sf.jasperreports.extensions.DefaultExtensionsRegistry (DefaultExtensionsRegistry.java:loadRegistries:208) - Instantiating registry of type net.sf.jasperreports.util.CastorMappingExtensionsRegistryFactory for property net.sf.jasperreports.extension.registry.factory.castor.mapping
DEBUG 2022-11-19 23:57:16,771 net.sf.jasperreports.extensions.DefaultExtensionsRegistry (DefaultExtensionsRegistry.java:instantiateRegistry:233) - Instantiating extensions registry for castor.mapping using factory class net.sf.jasperreports.util.CastorMappingExtensionsRegistryFactory
DEBUG 2022-11-19 23:57:16,772 net.sf.jasperreports.extensions.DefaultExtensionsRegistry (DefaultExtensionsRegistry.java:loadRegistries:208) - Instantiating registry of type net.sf.jasperreports.engine.export.MatcherExportFilterMappingExtensionsRegistryFactory for property net.sf.jasperreports.extension.registry.factory.matcher.exporter.filter.mapping
DEBUG 2022-11-19 23:57:16,772 net.sf.jasperreports.extensions.DefaultExtensionsRegistry (DefaultExtensionsRegistry.java:instantiateRegistry:233) - Instantiating extensions registry for matcher.exporter.filter.mapping using factory class net.sf.jasperreports.engine.export.MatcherExportFilterMappingExtensionsRegistryFactory
DEBUG 2022-11-19 23:57:16,773 net.sf.jasperreports.extensions.DefaultExtensionsRegistry (DefaultExtensionsRegistry.java:loadRegistries:208) - Instantiating registry of type net.sf.jasperreports.governors.GovernorExtensionsRegistryFactory for property net.sf.jasperreports.extension.registry.factory.governor
DEBUG 2022-11-19 23:57:16,773 net.sf.jasperreports.extensions.DefaultExtensionsRegistry (DefaultExtensionsRegistry.java:instantiateRegistry:233) - Instantiating extensions registry for governor using factory class net.sf.jasperreports.governors.GovernorExtensionsRegistryFactory
DEBUG 2022-11-19 23:57:16,775 net.sf.jasperreports.extensions.DefaultExtensionsRegistry (DefaultExtensionsRegistry.java:loadRegistries:208) - Instantiating registry of type net.sf.jasperreports.web.util.RequirejsModuleMappingExtensionsRegistryFactory for property net.sf.jasperreports.extension.registry.factory.requirejs.module.mapping
DEBUG 2022-11-19 23:57:16,775 net.sf.jasperreports.extensions.DefaultExtensionsRegistry (DefaultExtensionsRegistry.java:instantiateRegistry:233) - Instantiating extensions registry for requirejs.module.mapping using factory class net.sf.jasperreports.web.util.RequirejsModuleMappingExtensionsRegistryFactory
DEBUG 2022-11-19 23:57:16,776 net.sf.jasperreports.extensions.DefaultExtensionsRegistry (DefaultExtensionsRegistry.java:loadRegistries:208) - Instantiating registry of type net.sf.jasperreports.engine.query.SQLQueryClauseFunctionsExtensions for property net.sf.jasperreports.extension.registry.factory.sql.clause.functions
DEBUG 2022-11-19 23:57:16,776 net.sf.jasperreports.extensions.DefaultExtensionsRegistry (DefaultExtensionsRegistry.java:instantiateRegistry:233) - Instantiating extensions registry for sql.clause.functions using factory class net.sf.jasperreports.engine.query.SQLQueryClauseFunctionsExtensions
DEBUG 2022-11-19 23:57:16,781 net.sf.jasperreports.extensions.DefaultExtensionsRegistry (DefaultExtensionsRegistry.java:loadRegistries:208) - Instantiating registry of type net.sf.jasperreports.engine.style.PropertyStyleProviderExtensionFactory for property net.sf.jasperreports.extension.registry.factory.property.style.provider
DEBUG 2022-11-19 23:57:16,781 net.sf.jasperreports.extensions.DefaultExtensionsRegistry (DefaultExtensionsRegistry.java:instantiateRegistry:233) - Instantiating extensions registry for property.style.provider using factory class net.sf.jasperreports.engine.style.PropertyStyleProviderExtensionFactory
DEBUG 2022-11-19 23:57:16,787 net.sf.jasperreports.extensions.DefaultExtensionsRegistry (DefaultExtensionsRegistry.java:loadRegistries:208) - Instantiating registry of type net.sf.jasperreports.web.util.JacksonMappingExtensionsRegistryFactory for property net.sf.jasperreports.extension.registry.factory.jackson.mapping
DEBUG 2022-11-19 23:57:16,787 net.sf.jasperreports.extensions.DefaultExtensionsRegistry (DefaultExtensionsRegistry.java:instantiateRegistry:233) - Instantiating extensions registry for jackson.mapping using factory class net.sf.jasperreports.web.util.JacksonMappingExtensionsRegistryFactory
DEBUG 2022-11-19 23:57:16,788 net.sf.jasperreports.extensions.DefaultExtensionsRegistry (DefaultExtensionsRegistry.java:loadRegistries:208) - Instantiating registry of type net.sf.jasperreports.extensions.DefaultExtensionsRegistryFactory for property net.sf.jasperreports.extension.registry.factory.default
DEBUG 2022-11-19 23:57:16,789 net.sf.jasperreports.extensions.DefaultExtensionsRegistry (DefaultExtensionsRegistry.java:instantiateRegistry:233) - Instantiating extensions registry for default using factory class net.sf.jasperreports.extensions.DefaultExtensionsRegistryFactory
DEBUG 2022-11-19 23:57:16,791 net.sf.jasperreports.extensions.DefaultExtensionsRegistry (DefaultExtensionsRegistry.java:loadRegistries:208) - Instantiating registry of type net.sf.jasperreports.components.ComponentsExtensionsRegistryFactory for property net.sf.jasperreports.extension.registry.factory.components
DEBUG 2022-11-19 23:57:16,791 net.sf.jasperreports.extensions.DefaultExtensionsRegistry (DefaultExtensionsRegistry.java:instantiateRegistry:233) - Instantiating extensions registry for components using factory class net.sf.jasperreports.components.ComponentsExtensionsRegistryFactory
DEBUG 2022-11-19 23:57:16,812 net.sf.jasperreports.extensions.DefaultExtensionsRegistry (DefaultExtensionsRegistry.java:loadRegistries:208) - Instantiating registry of type net.sf.jasperreports.components.headertoolbar.HeaderToolbarConditionalStyleProviderExtensionFactory for property net.sf.jasperreports.extension.registry.factory.header.toolbar.style.provider
DEBUG 2022-11-19 23:57:16,813 net.sf.jasperreports.extensions.DefaultExtensionsRegistry (DefaultExtensionsRegistry.java:instantiateRegistry:233) - Instantiating extensions registry for header.toolbar.style.provider using factory class net.sf.jasperreports.components.headertoolbar.HeaderToolbarConditionalStyleProviderExtensionFactory
DEBUG 2022-11-19 23:57:17,091 net.sf.jasperreports.engine.fill.JRFillBand (JRFillBand.java:setOrigin:154) - Origin {reportName: null, groupName: null,bandType: BACKGROUND} for band 648969051
DEBUG 2022-11-19 23:57:17,113 net.sf.jasperreports.engine.fill.JRFillBand (JRFillBand.java:setOrigin:154) - Origin {reportName: null, groupName: null,bandType: TITLE} for band 1557184268
DEBUG 2022-11-19 23:57:17,113 net.sf.jasperreports.engine.fill.JRFillBand (JRFillBand.java:setOrigin:154) - Origin {reportName: null, groupName: null,bandType: PAGE_HEADER} for band 142515480
DEBUG 2022-11-19 23:57:17,114 net.sf.jasperreports.engine.fill.JRFillBand (JRFillBand.java:setOrigin:154) - Origin {reportName: null, groupName: null,bandType: COLUMN_HEADER} for band 1575333444
DEBUG 2022-11-19 23:57:17,116 net.sf.jasperreports.engine.fill.JRFillBand (JRFillBand.java:setOrigin:154) - Origin {reportName: null, groupName: null,bandType: DETAIL} for band 1528523719
DEBUG 2022-11-19 23:57:17,117 net.sf.jasperreports.engine.fill.JRFillBand (JRFillBand.java:setOrigin:154) - Origin {reportName: null, groupName: null,bandType: COLUMN_FOOTER} for band 1101367322
DEBUG 2022-11-19 23:57:17,124 net.sf.jasperreports.engine.fill.JRFillBand (JRFillBand.java:setOrigin:154) - Origin {reportName: null, groupName: null,bandType: PAGE_FOOTER} for band 1544330391
DEBUG 2022-11-19 23:57:17,124 net.sf.jasperreports.engine.fill.JRFillBand (JRFillBand.java:setOrigin:154) - Origin {reportName: null, groupName: null,bandType: SUMMARY} for band 1108268326
DEBUG 2022-11-19 23:57:17,126 net.sf.jasperreports.engine.fill.JRVerticalFiller (JRVerticalFiller.java:setPageHeight:108) - Filler 1 - pageHeight: 425, columnFooterOffsetY: 383, lastPageColumnFooterOffsetY: 405
DEBUG 2022-11-19 23:57:17,126 net.sf.jasperreports.engine.fill.JRBaseFiller (JRBaseFiller.java:fill:488) - Fill 1: filling report
DEBUG 2022-11-19 23:57:17,131 net.sf.jasperreports.engine.fill.JRFillDataset (JRFillDataset.java:createQueryDatasource:1112) - Fill 1: Creating sql query executer
DEBUG 2022-11-19 23:57:17,137 net.sf.jasperreports.engine.query.JRJdbcQueryExecuter (JRJdbcQueryExecuter.java:createStatement:254) - SQL query string: SELECT
     convenios.`Nombre_convenio` AS convenios_Nombre_convenio,
     facturas.`Codigo` AS facturas_Codigo,
     facturas.`Placa` AS facturas_Placa,
     facturas.`Propietario` AS facturas_Propietario,
     facturas.`Tipo_vehiculo` AS facturas_Tipo_vehiculo,
     facturas.`Facturado_por` AS facturas_Facturado_por,
     facturas.`Estado_fctra` AS facturas_Estado_fctra,
     facturas.`Hora_ingreso` AS facturas_Hora_ingreso,
     facturas.`Hora_salida` AS facturas_Hora_salida,
     facturas.`Valor_a_pagar` AS facturas_Valor_a_pagar,
     facturas.`Efectivo` AS facturas_Efectivo,
     facturas.`Cambio` AS facturas_Cambio,
     tarifas.`Nombre_tarifa` AS tarifas_Nombre_tarifa,
     parqueaderos.`Nombre_parqueadero` AS parqueaderos_Nombre_parqueadero,
     facturas.`Contabilizada` AS facturas_Contabilizada
FROM
     `convenios` convenios INNER JOIN `facturas` facturas ON convenios.`Id_convenio` = facturas.`Id_convenio`
     INNER JOIN `tarifas` tarifas ON facturas.`Id_tarifa` = tarifas.`Id_tarifa`
     INNER JOIN `parqueaderos` parqueaderos ON facturas.`No_parqueadero` = parqueaderos.`Id_parqueadero`
WHERE
     facturas.`Placa` = ?
 AND facturas.`Estado_fctra` = 'Cerrada'
DEBUG 2022-11-19 23:57:17,138 net.sf.jasperreports.engine.query.JRJdbcQueryExecuter (JRJdbcQueryExecuter.java:setStatementParameter:396) - Parameter #1 (placa of type java.lang.String): BTA824
DEBUG 2022-11-19 23:57:17,153 net.sf.jasperreports.engine.fill.JRBaseFiller (JRBaseFiller.java:addPage:1138) - Fill 1: adding page 1
DEBUG 2022-11-19 23:57:17,154 net.sf.jasperreports.engine.fill.JRVerticalFiller (JRVerticalFiller.java:fillTitle:306) - Fill 1: title at 20
DEBUG 2022-11-19 23:57:17,175 net.sf.jasperreports.engine.util.DeduplicableRegistry$DeduplicableMap (DeduplicableRegistry.java:deduplicate:85) - Added object net.sf.jasperreports.engine.fill.JRTemplateImage@7a1476f3
DEBUG 2022-11-19 23:57:17,190 net.sf.jasperreports.engine.fill.SimpleTextLineWrapper (SimpleTextLineWrapper.java:createElementFontInfosFillCache:303) - creating element font infos cache of size 2000
DEBUG 2022-11-19 23:57:17,226 net.sf.jasperreports.engine.util.DeduplicableRegistry$DeduplicableMap (DeduplicableRegistry.java:deduplicate:85) - Added object net.sf.jasperreports.engine.fill.JRTemplateText@248933f2
DEBUG 2022-11-19 23:57:17,228 net.sf.jasperreports.engine.util.DeduplicableRegistry$DeduplicableMap (DeduplicableRegistry.java:deduplicate:85) - Added object net.sf.jasperreports.engine.fill.JRTemplateText@5c5d50d2
DEBUG 2022-11-19 23:57:17,229 net.sf.jasperreports.engine.util.DeduplicableRegistry$DeduplicableMap (DeduplicableRegistry.java:deduplicate:85) - Added object net.sf.jasperreports.engine.fill.JRTemplateText@59728ffd
DEBUG 2022-11-19 23:57:17,229 net.sf.jasperreports.engine.fill.JRFillTextField (JRFillTextField.java:registerTemplate:507) - created net.sf.jasperreports.engine.fill.JRTemplateText@59728ffd for (null, {java.util.Date, dd/MM/yyyy,null,null,null})
DEBUG 2022-11-19 23:57:17,229 net.sf.jasperreports.engine.fill.DelayedFillActions (DelayedFillActions.java:runActions:227) - 1 running delayed actions on {type: BAND, group: null, band: 1557184268}
DEBUG 2022-11-19 23:57:17,230 net.sf.jasperreports.engine.fill.DelayedFillActions (DelayedFillActions.java:runActions:227) - 1 running delayed actions on {type: BAND, group: null, band: 142515480}
DEBUG 2022-11-19 23:57:17,230 net.sf.jasperreports.engine.fill.DelayedFillActions (DelayedFillActions.java:runActions:227) - 1 running delayed actions on {type: BAND, group: null, band: 1575333444}
DEBUG 2022-11-19 23:57:17,230 net.sf.jasperreports.engine.fill.JRVerticalFiller (JRVerticalFiller.java:fillDetail:707) - Fill 1: detail at 78
DEBUG 2022-11-19 23:57:17,242 net.sf.jasperreports.engine.util.DeduplicableRegistry$DeduplicableMap (DeduplicableRegistry.java:deduplicate:85) - Added object net.sf.jasperreports.engine.fill.JRTemplateText@7447633b
DEBUG 2022-11-19 23:57:17,242 net.sf.jasperreports.engine.util.DeduplicableRegistry$DeduplicableMap (DeduplicableRegistry.java:deduplicate:92) - Found existing instance net.sf.jasperreports.engine.fill.JRTemplateText@7447633b for object net.sf.jasperreports.engine.fill.JRTemplateText@3297f1d
DEBUG 2022-11-19 23:57:17,243 net.sf.jasperreports.engine.util.DeduplicableRegistry$DeduplicableMap (DeduplicableRegistry.java:deduplicate:92) - Found existing instance net.sf.jasperreports.engine.fill.JRTemplateText@7447633b for object net.sf.jasperreports.engine.fill.JRTemplateText@27896b2b
DEBUG 2022-11-19 23:57:17,243 net.sf.jasperreports.engine.util.DeduplicableRegistry$DeduplicableMap (DeduplicableRegistry.java:deduplicate:92) - Found existing instance net.sf.jasperreports.engine.fill.JRTemplateText@7447633b for object net.sf.jasperreports.engine.fill.JRTemplateText@4de30763
DEBUG 2022-11-19 23:57:17,243 net.sf.jasperreports.engine.util.DeduplicableRegistry$DeduplicableMap (DeduplicableRegistry.java:deduplicate:92) - Found existing instance net.sf.jasperreports.engine.fill.JRTemplateText@7447633b for object net.sf.jasperreports.engine.fill.JRTemplateText@2f2eb5f
DEBUG 2022-11-19 23:57:17,243 net.sf.jasperreports.engine.util.DeduplicableRegistry$DeduplicableMap (DeduplicableRegistry.java:deduplicate:92) - Found existing instance net.sf.jasperreports.engine.fill.JRTemplateText@7447633b for object net.sf.jasperreports.engine.fill.JRTemplateText@4aebad8b
DEBUG 2022-11-19 23:57:17,244 net.sf.jasperreports.engine.util.DeduplicableRegistry$DeduplicableMap (DeduplicableRegistry.java:deduplicate:92) - Found existing instance net.sf.jasperreports.engine.fill.JRTemplateText@7447633b for object net.sf.jasperreports.engine.fill.JRTemplateText@265757ce
DEBUG 2022-11-19 23:57:17,244 net.sf.jasperreports.engine.util.DeduplicableRegistry$DeduplicableMap (DeduplicableRegistry.java:deduplicate:92) - Found existing instance net.sf.jasperreports.engine.fill.JRTemplateText@7447633b for object net.sf.jasperreports.engine.fill.JRTemplateText@73da8478
DEBUG 2022-11-19 23:57:17,244 net.sf.jasperreports.engine.util.DeduplicableRegistry$DeduplicableMap (DeduplicableRegistry.java:deduplicate:92) - Found existing instance net.sf.jasperreports.engine.fill.JRTemplateText@7447633b for object net.sf.jasperreports.engine.fill.JRTemplateText@66e7214f
DEBUG 2022-11-19 23:57:17,244 net.sf.jasperreports.engine.util.DeduplicableRegistry$DeduplicableMap (DeduplicableRegistry.java:deduplicate:92) - Found existing instance net.sf.jasperreports.engine.fill.JRTemplateText@7447633b for object net.sf.jasperreports.engine.fill.JRTemplateText@71f75fed
DEBUG 2022-11-19 23:57:17,245 net.sf.jasperreports.engine.util.DeduplicableRegistry$DeduplicableMap (DeduplicableRegistry.java:deduplicate:92) - Found existing instance net.sf.jasperreports.engine.fill.JRTemplateText@7447633b for object net.sf.jasperreports.engine.fill.JRTemplateText@6d028f3a
DEBUG 2022-11-19 23:57:17,245 net.sf.jasperreports.engine.util.DeduplicableRegistry$DeduplicableMap (DeduplicableRegistry.java:deduplicate:92) - Found existing instance net.sf.jasperreports.engine.fill.JRTemplateText@7447633b for object net.sf.jasperreports.engine.fill.JRTemplateText@4adc2fa6
DEBUG 2022-11-19 23:57:17,245 net.sf.jasperreports.engine.util.DeduplicableRegistry$DeduplicableMap (DeduplicableRegistry.java:deduplicate:92) - Found existing instance net.sf.jasperreports.engine.fill.JRTemplateText@7447633b for object net.sf.jasperreports.engine.fill.JRTemplateText@156e82eb
DEBUG 2022-11-19 23:57:17,245 net.sf.jasperreports.engine.util.DeduplicableRegistry$DeduplicableMap (DeduplicableRegistry.java:deduplicate:85) - Added object net.sf.jasperreports.engine.fill.JRTemplateText@5e2daf9c
DEBUG 2022-11-19 23:57:17,245 net.sf.jasperreports.engine.fill.JRFillTextField (JRFillTextField.java:registerTemplate:507) - created net.sf.jasperreports.engine.fill.JRTemplateText@5e2daf9c for (null, null)
DEBUG 2022-11-19 23:57:17,246 net.sf.jasperreports.engine.util.DeduplicableRegistry$DeduplicableMap (DeduplicableRegistry.java:deduplicate:92) - Found existing instance net.sf.jasperreports.engine.fill.JRTemplateText@5e2daf9c for object net.sf.jasperreports.engine.fill.JRTemplateText@27af903c
DEBUG 2022-11-19 23:57:17,246 net.sf.jasperreports.engine.fill.JRFillTextField (JRFillTextField.java:registerTemplate:507) - created net.sf.jasperreports.engine.fill.JRTemplateText@5e2daf9c for (null, null)
DEBUG 2022-11-19 23:57:17,246 net.sf.jasperreports.engine.util.DeduplicableRegistry$DeduplicableMap (DeduplicableRegistry.java:deduplicate:92) - Found existing instance net.sf.jasperreports.engine.fill.JRTemplateText@5e2daf9c for object net.sf.jasperreports.engine.fill.JRTemplateText@c252a70
DEBUG 2022-11-19 23:57:17,246 net.sf.jasperreports.engine.fill.JRFillTextField (JRFillTextField.java:registerTemplate:507) - created net.sf.jasperreports.engine.fill.JRTemplateText@5e2daf9c for (null, null)
DEBUG 2022-11-19 23:57:17,247 net.sf.jasperreports.engine.util.DeduplicableRegistry$DeduplicableMap (DeduplicableRegistry.java:deduplicate:92) - Found existing instance net.sf.jasperreports.engine.fill.JRTemplateText@5e2daf9c for object net.sf.jasperreports.engine.fill.JRTemplateText@6dbd88c5
DEBUG 2022-11-19 23:57:17,247 net.sf.jasperreports.engine.fill.JRFillTextField (JRFillTextField.java:registerTemplate:507) - created net.sf.jasperreports.engine.fill.JRTemplateText@5e2daf9c for (null, null)
DEBUG 2022-11-19 23:57:17,247 net.sf.jasperreports.engine.util.DeduplicableRegistry$DeduplicableMap (DeduplicableRegistry.java:deduplicate:92) - Found existing instance net.sf.jasperreports.engine.fill.JRTemplateText@5e2daf9c for object net.sf.jasperreports.engine.fill.JRTemplateText@5e5f8ba1
DEBUG 2022-11-19 23:57:17,248 net.sf.jasperreports.engine.fill.JRFillTextField (JRFillTextField.java:registerTemplate:507) - created net.sf.jasperreports.engine.fill.JRTemplateText@5e2daf9c for (null, null)
DEBUG 2022-11-19 23:57:17,253 net.sf.jasperreports.engine.util.DeduplicableRegistry$DeduplicableMap (DeduplicableRegistry.java:deduplicate:92) - Found existing instance net.sf.jasperreports.engine.fill.JRTemplateText@5e2daf9c for object net.sf.jasperreports.engine.fill.JRTemplateText@52ade26
DEBUG 2022-11-19 23:57:17,254 net.sf.jasperreports.engine.fill.JRFillTextField (JRFillTextField.java:registerTemplate:507) - created net.sf.jasperreports.engine.fill.JRTemplateText@5e2daf9c for (null, null)
DEBUG 2022-11-19 23:57:17,254 net.sf.jasperreports.engine.util.DeduplicableRegistry$DeduplicableMap (DeduplicableRegistry.java:deduplicate:92) - Found existing instance net.sf.jasperreports.engine.fill.JRTemplateText@5e2daf9c for object net.sf.jasperreports.engine.fill.JRTemplateText@20790259
DEBUG 2022-11-19 23:57:17,254 net.sf.jasperreports.engine.fill.JRFillTextField (JRFillTextField.java:registerTemplate:507) - created net.sf.jasperreports.engine.fill.JRTemplateText@5e2daf9c for (null, null)
DEBUG 2022-11-19 23:57:17,254 net.sf.jasperreports.engine.util.DeduplicableRegistry$DeduplicableMap (DeduplicableRegistry.java:deduplicate:92) - Found existing instance net.sf.jasperreports.engine.fill.JRTemplateText@5e2daf9c for object net.sf.jasperreports.engine.fill.JRTemplateText@21835d33
DEBUG 2022-11-19 23:57:17,254 net.sf.jasperreports.engine.fill.JRFillTextField (JRFillTextField.java:registerTemplate:507) - created net.sf.jasperreports.engine.fill.JRTemplateText@5e2daf9c for (null, null)
DEBUG 2022-11-19 23:57:17,255 net.sf.jasperreports.engine.util.DeduplicableRegistry$DeduplicableMap (DeduplicableRegistry.java:deduplicate:85) - Added object net.sf.jasperreports.engine.fill.JRTemplateText@323d821
DEBUG 2022-11-19 23:57:17,255 net.sf.jasperreports.engine.fill.JRFillTextField (JRFillTextField.java:registerTemplate:507) - created net.sf.jasperreports.engine.fill.JRTemplateText@323d821 for (null, {java.sql.Timestamp, d/MM/yy hh:mm a,null,null,null})
DEBUG 2022-11-19 23:57:17,255 net.sf.jasperreports.engine.util.DeduplicableRegistry$DeduplicableMap (DeduplicableRegistry.java:deduplicate:92) - Found existing instance net.sf.jasperreports.engine.fill.JRTemplateText@323d821 for object net.sf.jasperreports.engine.fill.JRTemplateText@50abfd8d
DEBUG 2022-11-19 23:57:17,256 net.sf.jasperreports.engine.fill.JRFillTextField (JRFillTextField.java:registerTemplate:507) - created net.sf.jasperreports.engine.fill.JRTemplateText@323d821 for (null, {java.sql.Timestamp, d/MM/yy hh:mm a,null,null,null})
DEBUG 2022-11-19 23:57:17,256 net.sf.jasperreports.engine.util.DeduplicableRegistry$DeduplicableMap (DeduplicableRegistry.java:deduplicate:92) - Found existing instance net.sf.jasperreports.engine.fill.JRTemplateText@5e2daf9c for object net.sf.jasperreports.engine.fill.JRTemplateText@3828460b
DEBUG 2022-11-19 23:57:17,256 net.sf.jasperreports.engine.fill.JRFillTextField (JRFillTextField.java:registerTemplate:507) - created net.sf.jasperreports.engine.fill.JRTemplateText@5e2daf9c for (null, null)
DEBUG 2022-11-19 23:57:17,257 net.sf.jasperreports.engine.util.DeduplicableRegistry$DeduplicableMap (DeduplicableRegistry.java:deduplicate:92) - Found existing instance net.sf.jasperreports.engine.fill.JRTemplateText@5e2daf9c for object net.sf.jasperreports.engine.fill.JRTemplateText@379eef8
DEBUG 2022-11-19 23:57:17,257 net.sf.jasperreports.engine.fill.JRFillTextField (JRFillTextField.java:registerTemplate:507) - created net.sf.jasperreports.engine.fill.JRTemplateText@5e2daf9c for (null, null)
DEBUG 2022-11-19 23:57:17,257 net.sf.jasperreports.engine.util.DeduplicableRegistry$DeduplicableMap (DeduplicableRegistry.java:deduplicate:92) - Found existing instance net.sf.jasperreports.engine.fill.JRTemplateText@5e2daf9c for object net.sf.jasperreports.engine.fill.JRTemplateText@1e06dc66
DEBUG 2022-11-19 23:57:17,258 net.sf.jasperreports.engine.fill.JRFillTextField (JRFillTextField.java:registerTemplate:507) - created net.sf.jasperreports.engine.fill.JRTemplateText@5e2daf9c for (null, null)
DEBUG 2022-11-19 23:57:17,259 net.sf.jasperreports.engine.fill.DelayedFillActions (DelayedFillActions.java:runActions:227) - 1 running delayed actions on {type: BAND, group: null, band: 1528523719}
DEBUG 2022-11-19 23:57:17,282 net.sf.jasperreports.engine.fill.JRVerticalFiller (JRVerticalFiller.java:fillDetail:707) - Fill 1: detail at 338
DEBUG 2022-11-19 23:57:17,283 net.sf.jasperreports.engine.fill.DelayedFillActions (DelayedFillActions.java:runActions:227) - 1 running delayed actions on {type: BAND, group: null, band: 1101367322}
DEBUG 2022-11-19 23:57:17,283 net.sf.jasperreports.engine.fill.JRVerticalFiller (JRVerticalFiller.java:fillPageFooter:992) - Fill 1: page footer at 383
DEBUG 2022-11-19 23:57:17,285 net.sf.jasperreports.engine.util.DeduplicableRegistry$DeduplicableMap (DeduplicableRegistry.java:deduplicate:85) - Added object net.sf.jasperreports.engine.fill.JRTemplateText@6e61e6e1
DEBUG 2022-11-19 23:57:17,285 net.sf.jasperreports.engine.fill.DelayedFillActions (DelayedFillActions.java:runActions:227) - 1 running delayed actions on {type: BAND, group: null, band: 1544330391}
DEBUG 2022-11-19 23:57:17,286 net.sf.jasperreports.engine.fill.DelayedFillActions (DelayedFillActions.java:runActions:227) - 1 running delayed actions on {type: COLUMN, group: null, band: 0}
DEBUG 2022-11-19 23:57:17,286 net.sf.jasperreports.engine.fill.DelayedFillActions (DelayedFillActions.java:runActions:227) - 1 running delayed actions on {type: PAGE, group: null, band: 0}
DEBUG 2022-11-19 23:57:17,286 net.sf.jasperreports.engine.fill.JRBaseFiller (JRBaseFiller.java:addPage:1138) - Fill 1: adding page 2
DEBUG 2022-11-19 23:57:17,286 net.sf.jasperreports.engine.fill.DelayedFillActions (DelayedFillActions.java:runActions:227) - 1 running delayed actions on {type: BAND, group: null, band: 142515480}
DEBUG 2022-11-19 23:57:17,287 net.sf.jasperreports.engine.fill.DelayedFillActions (DelayedFillActions.java:runActions:227) - 1 running delayed actions on {type: BAND, group: null, band: 1575333444}
DEBUG 2022-11-19 23:57:17,291 net.sf.jasperreports.engine.fill.DelayedFillActions (DelayedFillActions.java:runActions:227) - 1 running delayed actions on {type: BAND, group: null, band: 1528523719}
DEBUG 2022-11-19 23:57:17,292 net.sf.jasperreports.engine.fill.JRVerticalFiller (JRVerticalFiller.java:fillDetail:707) - Fill 1: detail at 280
DEBUG 2022-11-19 23:57:17,292 net.sf.jasperreports.engine.fill.DelayedFillActions (DelayedFillActions.java:runActions:227) - 1 running delayed actions on {type: BAND, group: null, band: 1101367322}
DEBUG 2022-11-19 23:57:17,292 net.sf.jasperreports.engine.fill.JRVerticalFiller (JRVerticalFiller.java:fillPageFooter:992) - Fill 1: page footer at 383
DEBUG 2022-11-19 23:57:17,293 net.sf.jasperreports.engine.fill.DelayedFillActions (DelayedFillActions.java:runActions:227) - 1 running delayed actions on {type: BAND, group: null, band: 1544330391}
DEBUG 2022-11-19 23:57:17,293 net.sf.jasperreports.engine.fill.DelayedFillActions (DelayedFillActions.java:runActions:227) - 1 running delayed actions on {type: COLUMN, group: null, band: 0}
DEBUG 2022-11-19 23:57:17,293 net.sf.jasperreports.engine.fill.DelayedFillActions (DelayedFillActions.java:runActions:227) - 1 running delayed actions on {type: PAGE, group: null, band: 0}
DEBUG 2022-11-19 23:57:17,294 net.sf.jasperreports.engine.fill.JRBaseFiller (JRBaseFiller.java:addPage:1138) - Fill 1: adding page 3
DEBUG 2022-11-19 23:57:17,294 net.sf.jasperreports.engine.fill.DelayedFillActions (DelayedFillActions.java:runActions:227) - 1 running delayed actions on {type: BAND, group: null, band: 142515480}
DEBUG 2022-11-19 23:57:17,294 net.sf.jasperreports.engine.fill.DelayedFillActions (DelayedFillActions.java:runActions:227) - 1 running delayed actions on {type: BAND, group: null, band: 1575333444}
DEBUG 2022-11-19 23:57:17,299 net.sf.jasperreports.engine.fill.DelayedFillActions (DelayedFillActions.java:runActions:227) - 1 running delayed actions on {type: BAND, group: null, band: 1528523719}
DEBUG 2022-11-19 23:57:17,299 net.sf.jasperreports.engine.fill.DelayedFillActions (DelayedFillActions.java:runActions:227) - 1 running delayed actions on {type: BAND, group: null, band: 1101367322}
DEBUG 2022-11-19 23:57:17,300 net.sf.jasperreports.engine.fill.JRVerticalFiller (JRVerticalFiller.java:fillPageFooter:992) - Fill 1: page footer at 383
DEBUG 2022-11-19 23:57:17,324 net.sf.jasperreports.engine.fill.DelayedFillActions (DelayedFillActions.java:runActions:227) - 1 running delayed actions on {type: BAND, group: null, band: 1544330391}
DEBUG 2022-11-19 23:57:17,324 net.sf.jasperreports.engine.fill.DelayedFillActions (DelayedFillActions.java:runActions:227) - 1 running delayed actions on {type: COLUMN, group: null, band: 0}
DEBUG 2022-11-19 23:57:17,325 net.sf.jasperreports.engine.fill.DelayedFillActions (DelayedFillActions.java:runActions:227) - 1 running delayed actions on {type: PAGE, group: null, band: 0}
DEBUG 2022-11-19 23:57:17,325 net.sf.jasperreports.engine.fill.DelayedFillActions (DelayedFillActions.java:runActions:227) - 1 running delayed actions on {type: REPORT, group: null, band: 0}
DEBUG 2022-11-19 23:57:17,325 net.sf.jasperreports.engine.fill.DelayedFillActions (DelayedFillActions.java:runActions:227) - 1 running delayed actions on {type: MASTER, group: null, band: 0}
DEBUG 2022-11-19 23:57:17,325 net.sf.jasperreports.engine.fill.JRBaseFiller (JRBaseFiller.java:fill:550) - Fill 1: ended
DEBUG 2022-11-19 23:57:17,326 net.sf.jasperreports.engine.fill.JRFillDataset (JRFillDataset.java:closeQueryExecuter:1193) - Fill 1: closing query executer
 INFO 2022-11-20 00:11:35,540 vista.Login (Login.java:sincronizarLog:285) - INFO - Se ha sincronizado el log con el sistema satisfactoriamente.
 INFO 2022-11-20 00:11:35,541 vista.Login (Login.java:<init>:43) - INFO - Se inicia aplicación satisfactoriamente
 INFO 2022-11-20 00:11:35,558 vista.MenuAdministrador (MenuAdministrador.java:btn_cerrarSesionActionPerformed:407) - INFO - El usuario ha cerrado sesión satisfactoriamente
 INFO 2022-11-20 00:13:13,381 vista.Login (Login.java:sincronizarLog:285) - INFO - Se ha sincronizado el log con el sistema satisfactoriamente.
 INFO 2022-11-20 00:13:13,393 vista.Login (Login.java:<init>:43) - INFO - Se inicia aplicación satisfactoriamente
 INFO 2022-11-20 00:13:34,439 controlador.UsuarioControlador (UsuarioControlador.java:logueo:187) - INFO - El usuario Administrador: Alejo97 se ha logueado satisfactoriamente.
 INFO 2022-11-20 00:15:01,988 vista.Login (Login.java:sincronizarLog:285) - INFO - Se ha sincronizado el log con el sistema satisfactoriamente.
 INFO 2022-11-20 00:15:01,988 vista.Login (Login.java:<init>:43) - INFO - Se inicia aplicación satisfactoriamente
 INFO 2022-11-20 00:15:02,003 vista.MenuAdministrador (MenuAdministrador.java:btn_cerrarSesionActionPerformed:407) - INFO - El usuario ha cerrado sesión satisfactoriamente
